ERROR:root:FIXME: Unimplemented - put('list', 'A sequence of things - created using []')
ERROR:root:FIXME: Unimplemented - get('list')
INFO:root:Constructing parser
INFO:root:Constructing parser
DEBUG:root:Constructing put subparser
DEBUG:root:Constructing get subparser
INFO:root:Constructing parser
DEBUG:root:Constructing put subparser
DEBUG:root:Constructing get subparser
DEBUG:root:Connecting to PostgreSQL
DEBUG:root:Connecting to PostgreSQL
DEBUG:root:Connecting to PostgreSQL
DEBUG:root:Database connection established.
INFO:root:Constructing parser
DEBUG:root:Constructing put subparser
DEBUG:root:Constructing get subparser
DEBUG:root:Connecting to PostgreSQL
DEBUG:root:Database connection established.
INFO:root:Constructing parser
DEBUG:root:Constructing put subparser
DEBUG:root:Constructing get subparser
DEBUG:root:Connecting to PostgreSQL
DEBUG:root:Database connection established.
INFO:root:Constructing parser
DEBUG:root:Constructing put subparser
DEBUG:root:Constructing get subparser
DEBUG:root:Connecting to PostgreSQL
DEBUG:root:Database connection established.
INFO:root:Storing snippet 'test': 'this is a test'
DEBUG:root:Snippet stored successfully.
DEBUG:root:Connecting to PostgreSQL
DEBUG:root:Database connection established.
ERROR:root:FIXME: Unimplemented - get('test')
ERROR:root:FIXME: Unimplemented - get('test')
ERROR:root:FIXME: Unimplemented - get('test')
ERROR:root:FIXME: Unimplemented - get('test')
ERROR:root:FIXME: Unimplemented - get('test')
ERROR:root:FIXME: Unimplemented - get('test')
ERROR:root:FIXME: Unimplemented - get('test')
ERROR:root:FIXME: Unimplemented - get('test')
ERROR:root:FIXME: Unimplemented - get('test')
DEBUG:root:Connecting to PostgreSQL
DEBUG:root:Database connection established.
INFO:root:Storing snippet 'test 2': 'this is the second test'
DEBUG:root:Snippet stored successfully.
INFO:root:Retrieving snippet 'test 2'
DEBUG:root:Snippet retrieved successfully.
INFO:root:Retrieving snippet 'g'
DEBUG:root:Snippet retrieved successfully.
INFO:root:Retrieving snippet 'g'
DEBUG:root:Snippet retrieved successfully.
INFO:root:Retrieving snippet 'g'
DEBUG:root:Snippet retrieved successfully.
INFO:root:Retrieving snippet 'g'
DEBUG:root:Snippet retrieved successfully.
INFO:root:Retrieving snippet 'g'
DEBUG:root:Snippet retrieved successfully.
DEBUG:root:Connecting to PostgreSQL
DEBUG:root:Database connection established.
INFO:root:Retrieving snippet 'd'
DEBUG:root:Snippet retrieved successfully.
DEBUG:root:Connecting to PostgreSQL
DEBUG:root:Database connection established.
INFO:root:Retrieving snippet 'test'
DEBUG:root:Connecting to PostgreSQL
DEBUG:root:Database connection established.
INFO:root:Retrieving snippet 'test'
DEBUG:root:Snippet retrieved successfully.
INFO:root:Retrieving snippet 'test 2'
DEBUG:root:Snippet retrieved successfully.
INFO:root:Storing snippet 'test 3': 'final test'
DEBUG:root:Snippet stored successfully.
INFO:root:Retrieving snippet 'test 3'
DEBUG:root:Snippet retrieved successfully.
DEBUG:root:Connecting to PostgreSQL
DEBUG:root:Connecting to PostgreSQL
DEBUG:root:Connecting to PostgreSQL
